<?xml version="1.0" encoding="UTF-8" ?>
<testsuite failures="0" time="1.084" errors="1" skipped="0" tests="2" name="net.cxp.test.TestMyBatis">
  <properties>
[...]
</properties>
  <testcase time="0.834" classname="net.cxp.test.TestMyBatis" name="test1"/>
  <testcase time="0.25" classname="net.cxp.test.TestMyBatis" name="test2">
    <error message="F:\blog_index\_0.si" type="java.nio.file.NoSuchFileException">java.nio.file.NoSuchFileException: F:\blog_index\_0.si
	at sun.nio.fs.WindowsException.translateToIOException(WindowsException.java:79)
	at sun.nio.fs.WindowsException.rethrowAsIOException(WindowsException.java:97)
	at sun.nio.fs.WindowsException.rethrowAsIOException(WindowsException.java:102)
	at sun.nio.fs.WindowsFileSystemProvider.newFileChannel(WindowsFileSystemProvider.java:115)
	at java.nio.channels.FileChannel.open(FileChannel.java:287)
	at java.nio.channels.FileChannel.open(FileChannel.java:334)
	at org.apache.lucene.store.MMapDirectory.openInput(MMapDirectory.java:236)
	at org.apache.lucene.store.Directory.openChecksumInput(Directory.java:109)
	at org.apache.lucene.codecs.lucene50.Lucene50SegmentInfoFormat.read(Lucene50SegmentInfoFormat.java:82)
	at org.apache.lucene.index.SegmentInfos.readCommit(SegmentInfos.java:362)
	at org.apache.lucene.index.IndexWriter.&lt;init&gt;(IndexWriter.java:909)
	at net.cxp.blog.lucene.BlogIndex.getWriter(BlogIndex.java:52)
	at net.cxp.blog.lucene.BlogIndex.addIndex(BlogIndex.java:60)
	at net.cxp.test.TestMyBatis.test2(TestMyBatis.java:44)
	at sun.reflect.NativeMethodAccessorImpl.invoke0(Native Method)
	at sun.reflect.NativeMethodAccessorImpl.invoke(NativeMethodAccessorImpl.java:57)
	at sun.reflect.DelegatingMethodAccessorImpl.invoke(DelegatingMethodAccessorImpl.java:43)
	at java.lang.reflect.Method.invoke(Method.java:606)
	at org.junit.runners.model.FrameworkMethod$1.runReflectiveCall(FrameworkMethod.java:50)
	at org.junit.internal.runners.model.ReflectiveCallable.run(ReflectiveCallable.java:12)
	at org.junit.runners.model.FrameworkMethod.invokeExplosively(FrameworkMethod.java:47)
	at org.junit.internal.runners.statements.InvokeMethod.evaluate(InvokeMethod.java:17)
	at org.springframework.test.context.junit4.statements.RunBeforeTestMethodCallbacks.evaluate(RunBeforeTestMethodCallbacks.java:75)
	at org.springframework.test.context.junit4.statements.RunAfterTestMethodCallbacks.evaluate(RunAfterTestMethodCallbacks.java:86)
	at org.springframework.test.context.junit4.statements.SpringRepeat.evaluate(SpringRepeat.java:84)
	at org.junit.runners.ParentRunner.runLeaf(ParentRunner.java:325)
	at org.springframework.test.context.junit4.SpringJUnit4ClassRunner.runChild(SpringJUnit4ClassRunner.java:252)
	at org.springframework.test.context.junit4.SpringJUnit4ClassRunner.runChild(SpringJUnit4ClassRunner.java:94)
	at org.junit.runners.ParentRunner$3.run(ParentRunner.java:290)
	at org.junit.runners.ParentRunner$1.schedule(ParentRunner.java:71)
	at org.junit.runners.ParentRunner.runChildren(ParentRunner.java:288)
	at org.junit.runners.ParentRunner.access$000(ParentRunner.java:58)
	at org.junit.runners.ParentRunner$2.evaluate(ParentRunner.java:268)
	at org.springframework.test.context.junit4.statements.RunBeforeTestClassCallbacks.evaluate(RunBeforeTestClassCallbacks.java:61)
	at org.springframework.test.context.junit4.statements.RunAfterTestClassCallbacks.evaluate(RunAfterTestClassCallbacks.java:70)
	at org.junit.runners.ParentRunner.run(ParentRunner.java:363)
	at org.springframework.test.context.junit4.SpringJUnit4ClassRunner.run(SpringJUnit4ClassRunner.java:191)
	at org.apache.maven.surefire.junit4.JUnit4Provider.execute(JUnit4Provider.java:252)
	at org.apache.maven.surefire.junit4.JUnit4Provider.executeTestSet(JUnit4Provider.java:141)
	at org.apache.maven.surefire.junit4.JUnit4Provider.invoke(JUnit4Provider.java:112)
	at sun.reflect.NativeMethodAccessorImpl.invoke0(Native Method)
	at sun.reflect.NativeMethodAccessorImpl.invoke(NativeMethodAccessorImpl.java:57)
	at sun.reflect.DelegatingMethodAccessorImpl.invoke(DelegatingMethodAccessorImpl.java:43)
	at java.lang.reflect.Method.invoke(Method.java:606)
	at org.apache.maven.surefire.util.ReflectionUtils.invokeMethodWithArray(ReflectionUtils.java:189)
	at org.apache.maven.surefire.booter.ProviderFactory$ProviderProxy.invoke(ProviderFactory.java:165)
	at org.apache.maven.surefire.booter.ProviderFactory.invokeProvider(ProviderFactory.java:85)
	at org.apache.maven.surefire.booter.ForkedBooter.runSuitesInProcess(ForkedBooter.java:115)
	at org.apache.maven.surefire.booter.ForkedBooter.main(ForkedBooter.java:75)
</error>
    <system-out>3
1012--&gt;git�ϴ���Ŀ--&gt;Mon Jan 02 00:00:00 CST 2017--&gt;1�Ƚ�����Ҫ�ϴ���Ŀ�ĸ�Ŀ¼��2��ʼ��������һ����Ϊgit���ļ���3���Ķ���ӵ��ݴ��� 4�����github�˻����½�һ��repositoryע����������ҳ�Ͻ��в����ڱ��ؽ��� 5ǧ��ǵ�����˵�����github�û�������github�˻�����ʾ���û���</system-out>
  </testcase>
</testsuite>